2025-06-08 12:30:25,897 | session_manager | INFO | New session started: 8cdf2133-e316-41d5-86f5-bcfd09d1890d
2025-06-08 12:30:47,173 | __main__ | INFO | [Session 8cdf2133-e316-41d5-86f5-bcfd09d1890d] User asked: Explain the importance of logging in Python related production level project
2025-06-08 12:30:47,173 | session_manager | INFO | [Session 8cdf2133-e316-41d5-86f5-bcfd09d1890d] User message added
2025-06-08 12:30:47,173 | backend_client | INFO | Sending query for session 8cdf2133-e316-41d5-86f5-bcfd09d1890d to backend
2025-06-08 12:30:49,923 | backend_client | ERROR | Error contacting backend http://flask_backend:5001/query: HTTPConnectionPool(host='flask_backend', port=5001): Max retries exceeded with url: /query (Caused by NameResolutionError("<urllib3.connection.HTTPConnection object at 0x0000026215C2C200>: Failed to resolve 'flask_backend' ([Errno 11001] getaddrinfo failed)"))
2025-06-08 12:30:54,113 | backend_client | ERROR | Error contacting backend http://localhost:5001/query: HTTPConnectionPool(host='localhost', port=5001): Max retries exceeded with url: /query (Caused by NewConnectionError('<urllib3.connection.HTTPConnection object at 0x0000026215CBBBC0>: Failed to establish a new connection: [WinError 10061] No connection could be made because the target machine actively refused it'))
2025-06-08 12:30:54,118 | backend_client | ERROR | All backend attempts failed.
2025-06-08 12:30:54,118 | __main__ | INFO | [Session 8cdf2133-e316-41d5-86f5-bcfd09d1890d] Assistant response: The chatbot is currently offline or unreachable....
2025-06-08 12:30:54,124 | session_manager | INFO | [Session 8cdf2133-e316-41d5-86f5-bcfd09d1890d] Assistant message added
2025-06-08 12:31:37,452 | session_manager | INFO | New session started: 9c2a9183-0357-4674-a71c-9f605001fa36
2025-06-08 12:31:39,520 | __main__ | INFO | [Session 9c2a9183-0357-4674-a71c-9f605001fa36] User asked: Explain the importance of logging in Python related production level project
2025-06-08 12:31:39,520 | session_manager | INFO | [Session 9c2a9183-0357-4674-a71c-9f605001fa36] User message added
2025-06-08 12:31:39,520 | backend_client | INFO | Sending query for session 9c2a9183-0357-4674-a71c-9f605001fa36 to backend
2025-06-08 12:31:42,222 | backend_client | ERROR | Error contacting backend http://flask_backend:5001/query: HTTPConnectionPool(host='flask_backend', port=5001): Max retries exceeded with url: /query (Caused by NameResolutionError("<urllib3.connection.HTTPConnection object at 0x0000026215CBB950>: Failed to resolve 'flask_backend' ([Errno 11001] getaddrinfo failed)"))
2025-06-08 12:32:13,613 | backend_client | INFO | Successful response from backend at http://localhost:5001/query
2025-06-08 12:32:13,613 | __main__ | INFO | [Session 9c2a9183-0357-4674-a71c-9f605001fa36] Assistant response: Logging is essential for Python projects in production because it enables monito...
2025-06-08 12:32:13,615 | session_manager | INFO | [Session 9c2a9183-0357-4674-a71c-9f605001fa36] Assistant message added
2025-06-08 12:32:13,617 | ui_renderer | INFO | Displaying 5 reference URLs
2025-06-08 12:58:41,620 | session_manager | INFO | New session started: 14c094fb-2410-45cf-b97d-40cf3c6b2bb6
2025-06-08 12:58:57,748 | __main__ | INFO | [Session 14c094fb-2410-45cf-b97d-40cf3c6b2bb6] User asked: What are the uses of Exception Handling in python
2025-06-08 12:58:57,750 | session_manager | INFO | [Session 14c094fb-2410-45cf-b97d-40cf3c6b2bb6] User message added
2025-06-08 12:58:57,750 | backend_client | INFO | Sending query for session 14c094fb-2410-45cf-b97d-40cf3c6b2bb6 to backend
2025-06-08 12:59:00,568 | backend_client | ERROR | Error contacting backend http://flask_backend:5001/query: HTTPConnectionPool(host='flask_backend', port=5001): Max retries exceeded with url: /query (Caused by NameResolutionError("<urllib3.connection.HTTPConnection object at 0x00000149F191F3B0>: Failed to resolve 'flask_backend' ([Errno 11001] getaddrinfo failed)"))
2025-06-08 12:59:32,793 | backend_client | ERROR | Error contacting backend http://localhost:5001/query: HTTPConnectionPool(host='localhost', port=5001): Read timed out. (read timeout=30)
2025-06-08 12:59:32,793 | backend_client | ERROR | All backend attempts failed.
2025-06-08 12:59:32,793 | __main__ | INFO | [Session 14c094fb-2410-45cf-b97d-40cf3c6b2bb6] Assistant response: The chatbot is currently offline or unreachable....
2025-06-08 12:59:32,793 | session_manager | INFO | [Session 14c094fb-2410-45cf-b97d-40cf3c6b2bb6] Assistant message added
2025-06-08 12:59:41,621 | session_manager | INFO | New session started: 593b1879-77d8-48ff-b80d-0e3ec1142ed1
2025-06-08 12:59:43,924 | __main__ | INFO | [Session 593b1879-77d8-48ff-b80d-0e3ec1142ed1] User asked: What are the uses of Exception Handling in python
2025-06-08 12:59:43,930 | session_manager | INFO | [Session 593b1879-77d8-48ff-b80d-0e3ec1142ed1] User message added
2025-06-08 12:59:43,934 | backend_client | INFO | Sending query for session 593b1879-77d8-48ff-b80d-0e3ec1142ed1 to backend
2025-06-08 12:59:46,639 | backend_client | ERROR | Error contacting backend http://flask_backend:5001/query: HTTPConnectionPool(host='flask_backend', port=5001): Max retries exceeded with url: /query (Caused by NameResolutionError("<urllib3.connection.HTTPConnection object at 0x00000149F216A570>: Failed to resolve 'flask_backend' ([Errno 11001] getaddrinfo failed)"))
2025-06-08 13:00:02,146 | backend_client | INFO | Successful response from backend at http://localhost:5001/query
2025-06-08 13:00:02,147 | __main__ | INFO | [Session 593b1879-77d8-48ff-b80d-0e3ec1142ed1] Assistant response: Exception handling in Python is a powerful mechanism used to manage errors that ...
2025-06-08 13:00:02,147 | session_manager | INFO | [Session 593b1879-77d8-48ff-b80d-0e3ec1142ed1] Assistant message added
2025-06-08 13:00:02,147 | ui_renderer | INFO | Displaying 5 reference URLs
2025-06-08 13:05:16,255 | session_manager | INFO | New session started: 42210e3b-40d7-42ec-836c-b05c1b99e688
2025-06-08 13:06:11,456 | __main__ | INFO | [Session 42210e3b-40d7-42ec-836c-b05c1b99e688] User asked: I want to know about Exception Handling
2025-06-08 13:06:11,473 | session_manager | INFO | [Session 42210e3b-40d7-42ec-836c-b05c1b99e688] User message added
2025-06-08 13:06:11,477 | backend_client | INFO | Sending query for session 42210e3b-40d7-42ec-836c-b05c1b99e688 to backend
2025-06-08 13:06:14,192 | backend_client | ERROR | Error contacting backend http://flask_backend:5001/query: HTTPConnectionPool(host='flask_backend', port=5001): Max retries exceeded with url: /query (Caused by NameResolutionError("<urllib3.connection.HTTPConnection object at 0x000002A2E1DD76B0>: Failed to resolve 'flask_backend' ([Errno 11001] getaddrinfo failed)"))
2025-06-08 13:06:34,106 | backend_client | INFO | Successful response from backend at http://localhost:5001/query
2025-06-08 13:06:34,106 | __main__ | INFO | [Session 42210e3b-40d7-42ec-836c-b05c1b99e688] Assistant response: Exception handling is a programming concept used to manage errors that occur dur...
2025-06-08 13:06:34,110 | session_manager | INFO | [Session 42210e3b-40d7-42ec-836c-b05c1b99e688] Assistant message added
2025-06-08 13:06:34,114 | ui_renderer | INFO | Displaying 5 reference URLs
2025-06-08 16:34:00,897 | session_manager | INFO | New session started: 80fd47ee-dcce-428d-b0b2-a2c268203f49
2025-06-08 16:34:35,129 | __main__ | INFO | [Session 80fd47ee-dcce-428d-b0b2-a2c268203f49] User asked: What is streamlit
2025-06-08 16:34:35,132 | session_manager | INFO | [Session 80fd47ee-dcce-428d-b0b2-a2c268203f49] User message added
2025-06-08 16:34:35,133 | backend_client | INFO | Sending query for session 80fd47ee-dcce-428d-b0b2-a2c268203f49 to backend
2025-06-08 16:34:37,844 | backend_client | ERROR | Error contacting backend http://flask_backend:5001/query: HTTPConnectionPool(host='flask_backend', port=5001): Max retries exceeded with url: /query (Caused by NameResolutionError("<urllib3.connection.HTTPConnection object at 0x000002556D107EF0>: Failed to resolve 'flask_backend' ([Errno 11001] getaddrinfo failed)"))
2025-06-08 16:34:59,788 | backend_client | INFO | Successful response from backend at http://localhost:5001/query
2025-06-08 16:34:59,789 | __main__ | INFO | [Session 80fd47ee-dcce-428d-b0b2-a2c268203f49] Assistant response: Streamlit is an open-source Python library that makes it easy to create and shar...
2025-06-08 16:34:59,789 | session_manager | INFO | [Session 80fd47ee-dcce-428d-b0b2-a2c268203f49] Assistant message added
2025-06-08 16:34:59,789 | ui_renderer | INFO | Displaying 5 reference URLs
2025-06-08 16:35:37,234 | __main__ | INFO | [Session 80fd47ee-dcce-428d-b0b2-a2c268203f49] User asked: What is streamlit
2025-06-08 16:35:37,236 | session_manager | INFO | [Session 80fd47ee-dcce-428d-b0b2-a2c268203f49] User message added
2025-06-08 16:35:37,237 | backend_client | INFO | Sending query for session 80fd47ee-dcce-428d-b0b2-a2c268203f49 to backend
2025-06-08 16:35:39,929 | backend_client | ERROR | Error contacting backend http://flask_backend:5001/query: HTTPConnectionPool(host='flask_backend', port=5001): Max retries exceeded with url: /query (Caused by NameResolutionError("<urllib3.connection.HTTPConnection object at 0x000002556D7873B0>: Failed to resolve 'flask_backend' ([Errno 11001] getaddrinfo failed)"))
2025-06-08 16:36:11,969 | backend_client | ERROR | Error contacting backend http://localhost:5001/query: HTTPConnectionPool(host='localhost', port=5001): Read timed out. (read timeout=30)
2025-06-08 16:36:11,969 | backend_client | ERROR | All backend attempts failed.
2025-06-08 16:36:11,969 | __main__ | INFO | [Session 80fd47ee-dcce-428d-b0b2-a2c268203f49] Assistant response: The chatbot is currently offline or unreachable....
2025-06-08 16:36:11,969 | session_manager | INFO | [Session 80fd47ee-dcce-428d-b0b2-a2c268203f49] Assistant message added
2025-06-08 16:37:25,981 | __main__ | INFO | [Session 80fd47ee-dcce-428d-b0b2-a2c268203f49] User asked: dassssrt
2025-06-08 16:37:25,984 | session_manager | INFO | [Session 80fd47ee-dcce-428d-b0b2-a2c268203f49] User message added
2025-06-08 16:37:25,984 | backend_client | INFO | Sending query for session 80fd47ee-dcce-428d-b0b2-a2c268203f49 to backend
2025-06-08 16:37:28,685 | backend_client | ERROR | Error contacting backend http://flask_backend:5001/query: HTTPConnectionPool(host='flask_backend', port=5001): Max retries exceeded with url: /query (Caused by NameResolutionError("<urllib3.connection.HTTPConnection object at 0x000002556D787050>: Failed to resolve 'flask_backend' ([Errno 11001] getaddrinfo failed)"))
2025-06-08 16:38:00,739 | backend_client | ERROR | Error contacting backend http://localhost:5001/query: HTTPConnectionPool(host='localhost', port=5001): Read timed out. (read timeout=30)
2025-06-08 16:38:00,739 | backend_client | ERROR | All backend attempts failed.
2025-06-08 16:38:00,741 | __main__ | INFO | [Session 80fd47ee-dcce-428d-b0b2-a2c268203f49] Assistant response: The chatbot is currently offline or unreachable....
2025-06-08 16:38:00,741 | session_manager | INFO | [Session 80fd47ee-dcce-428d-b0b2-a2c268203f49] Assistant message added
2025-06-10 15:26:48,132 | session_manager | INFO | New session started: 2740fa73-6d72-4b1b-820b-9e8ee96d8d26
2025-06-10 15:28:26,118 | __main__ | INFO | [Session 2740fa73-6d72-4b1b-820b-9e8ee96d8d26] User asked: How to convert a normal python code to Object-oriented code.
2025-06-10 15:28:26,121 | session_manager | INFO | [Session 2740fa73-6d72-4b1b-820b-9e8ee96d8d26] User message added
2025-06-10 15:28:26,123 | backend_client | INFO | Sending query for session 2740fa73-6d72-4b1b-820b-9e8ee96d8d26 to backend
2025-06-10 15:28:28,855 | backend_client | ERROR | Error contacting backend http://flask_backend:5001/query: HTTPConnectionPool(host='flask_backend', port=5001): Max retries exceeded with url: /query (Caused by NameResolutionError("<urllib3.connection.HTTPConnection object at 0x000001E0F10CB740>: Failed to resolve 'flask_backend' ([Errno 11001] getaddrinfo failed)"))
2025-06-10 15:28:51,287 | backend_client | INFO | Successful response from backend at http://localhost:5001/query
2025-06-10 15:28:51,288 | __main__ | INFO | [Session 2740fa73-6d72-4b1b-820b-9e8ee96d8d26] Assistant response: Here's a breakdown of how to convert procedural Python code to object-oriented c...
2025-06-10 15:28:51,288 | session_manager | INFO | [Session 2740fa73-6d72-4b1b-820b-9e8ee96d8d26] Assistant message added
2025-06-10 15:28:51,291 | ui_renderer | INFO | Displaying 5 reference URLs
2025-06-10 15:30:02,977 | session_manager | INFO | New session started: c25c2bc3-3e39-45fc-b9a7-fec7ee95a499
2025-06-10 15:30:05,562 | __main__ | INFO | [Session c25c2bc3-3e39-45fc-b9a7-fec7ee95a499] User asked: How to convert a normal python code to Object-oriented code.
2025-06-10 15:30:05,612 | session_manager | INFO | [Session c25c2bc3-3e39-45fc-b9a7-fec7ee95a499] User message added
2025-06-10 15:30:05,627 | backend_client | INFO | Sending query for session c25c2bc3-3e39-45fc-b9a7-fec7ee95a499 to backend
2025-06-10 15:30:08,349 | backend_client | ERROR | Error contacting backend http://flask_backend:5001/query: HTTPConnectionPool(host='flask_backend', port=5001): Max retries exceeded with url: /query (Caused by NameResolutionError("<urllib3.connection.HTTPConnection object at 0x000001E0F1224230>: Failed to resolve 'flask_backend' ([Errno 11001] getaddrinfo failed)"))
2025-06-10 15:30:21,150 | backend_client | INFO | Successful response from backend at http://localhost:5001/query
2025-06-10 15:30:21,150 | __main__ | INFO | [Session c25c2bc3-3e39-45fc-b9a7-fec7ee95a499] Assistant response: To convert procedural code to object-oriented code in Python, you can follow the...
2025-06-10 15:30:21,150 | session_manager | INFO | [Session c25c2bc3-3e39-45fc-b9a7-fec7ee95a499] Assistant message added
2025-06-10 15:30:21,150 | ui_renderer | INFO | Displaying 5 reference URLs
2025-06-10 15:32:11,264 | session_manager | INFO | New session started: 5f99c51b-8530-4631-98e7-39d62097f931
2025-06-10 15:32:35,925 | __main__ | INFO | [Session 5f99c51b-8530-4631-98e7-39d62097f931] User asked: What is WSGI Server mentioned in Flask framework.
2025-06-10 15:32:35,926 | session_manager | INFO | [Session 5f99c51b-8530-4631-98e7-39d62097f931] User message added
2025-06-10 15:32:35,926 | backend_client | INFO | Sending query for session 5f99c51b-8530-4631-98e7-39d62097f931 to backend
2025-06-10 15:32:38,617 | backend_client | ERROR | Error contacting backend http://flask_backend:5001/query: HTTPConnectionPool(host='flask_backend', port=5001): Max retries exceeded with url: /query (Caused by NameResolutionError("<urllib3.connection.HTTPConnection object at 0x000001E0F1167680>: Failed to resolve 'flask_backend' ([Errno 11001] getaddrinfo failed)"))
2025-06-10 15:32:52,236 | backend_client | INFO | Successful response from backend at http://localhost:5001/query
2025-06-10 15:32:52,236 | __main__ | INFO | [Session 5f99c51b-8530-4631-98e7-39d62097f931] Assistant response: A WSGI (Web Server Gateway Interface) server implements the web server side of t...
2025-06-10 15:32:52,236 | session_manager | INFO | [Session 5f99c51b-8530-4631-98e7-39d62097f931] Assistant message added
2025-06-10 15:32:52,241 | ui_renderer | INFO | Displaying 5 reference URLs
