2025-06-08 12:25:00,958 | __main__ | INFO | Starting Flask app on port 5001
2025-06-08 12:25:00,995 | werkzeug | INFO |  * Restarting with watchdog (windowsapi)
2025-06-08 12:25:30,549 | __main__ | INFO | Starting Flask app on port 5001
2025-06-08 12:25:30,558 | werkzeug | WARNING |  * Debugger is active!
2025-06-08 12:25:30,564 | werkzeug | INFO |  * Debugger PIN: 447-936-445
2025-06-08 12:25:30,844 | werkzeug | WARNING |  * Running on all addresses.
   WARNING: This is a development server. Do not use it in a production deployment.
2025-06-08 12:25:30,844 | werkzeug | INFO |  * Running on http://192.168.246.208:5001/ (Press CTRL+C to quit)
2025-06-08 12:25:51,176 | __main__ | INFO | Incoming query: 'How is logging used?' | Session: 5ca15b01-ef42-40ed-8918-bd3600f4215d
2025-06-08 12:25:51,176 | chat_service | INFO | Handling user query for session: 5ca15b01-ef42-40ed-8918-bd3600f4215d
2025-06-08 12:25:53,368 | search_scraper | INFO | Searching DuckDuckGo for: How is logging used in software development and system administration?
2025-06-08 12:25:54,757 | search_scraper | INFO | Found 5 URLs
2025-06-08 12:25:54,763 | search_scraper | INFO | Scraping content from 5 URLs
2025-06-08 12:25:59,344 | qdrant_manager | INFO | Adding texts to Qdrant for session: 5ca15b01-ef42-40ed-8918-bd3600f4215d
2025-06-08 12:26:00,789 | httpx | INFO | HTTP Request: PUT http://localhost:6333/collections/chat_history/points?wait=true "HTTP/1.1 200 OK"
2025-06-08 12:26:00,789 | qdrant_manager | INFO | Searching similar documents for session: 5ca15b01-ef42-40ed-8918-bd3600f4215d
2025-06-08 12:26:00,889 | httpx | INFO | HTTP Request: POST http://localhost:6333/collections/chat_history/points/search "HTTP/1.1 200 OK"
2025-06-08 12:26:04,239 | chat_service | INFO | Query handled successfully.
2025-06-08 12:26:04,239 | werkzeug | INFO | 127.0.0.1 - - [08/Jun/2025 12:26:04] "POST /query HTTP/1.1" 200 -
2025-06-08 12:30:48,847 | __main__ | INFO | Starting Flask app on port 5001
2025-06-08 12:30:48,916 | werkzeug | INFO |  * Restarting with watchdog (windowsapi)
2025-06-08 12:31:28,851 | __main__ | INFO | Starting Flask app on port 5001
2025-06-08 12:31:28,851 | werkzeug | WARNING |  * Debugger is active!
2025-06-08 12:31:28,865 | werkzeug | INFO |  * Debugger PIN: 447-936-445
2025-06-08 12:31:29,061 | werkzeug | WARNING |  * Running on all addresses.
   WARNING: This is a development server. Do not use it in a production deployment.
2025-06-08 12:31:29,061 | werkzeug | INFO |  * Running on http://192.168.246.208:5001/ (Press CTRL+C to quit)
2025-06-08 12:31:44,251 | __main__ | INFO | Incoming query: 'Explain the importance of logging in Python related production level project' | Session: 9c2a9183-0357-4674-a71c-9f605001fa36
2025-06-08 12:31:44,251 | chat_service | INFO | Handling user query for session: 9c2a9183-0357-4674-a71c-9f605001fa36
2025-06-08 12:31:48,892 | search_scraper | INFO | Searching DuckDuckGo for: Explain the importance of logging in Python projects deployed in a production environment.
2025-06-08 12:31:51,994 | search_scraper | INFO | Found 5 URLs
2025-06-08 12:31:51,997 | search_scraper | INFO | Scraping content from 5 URLs
2025-06-08 12:32:08,774 | qdrant_manager | INFO | Adding texts to Qdrant for session: 9c2a9183-0357-4674-a71c-9f605001fa36
2025-06-08 12:32:09,519 | httpx | INFO | HTTP Request: PUT http://localhost:6333/collections/chat_history/points?wait=true "HTTP/1.1 200 OK"
2025-06-08 12:32:09,526 | qdrant_manager | INFO | Searching similar documents for session: 9c2a9183-0357-4674-a71c-9f605001fa36
2025-06-08 12:32:09,641 | httpx | INFO | HTTP Request: POST http://localhost:6333/collections/chat_history/points/search "HTTP/1.1 200 OK"
2025-06-08 12:32:13,610 | chat_service | INFO | Query handled successfully.
2025-06-08 12:32:13,612 | werkzeug | INFO | 127.0.0.1 - - [08/Jun/2025 12:32:13] "POST /query HTTP/1.1" 200 -
